{"/Users/andreeahanson/Workspace/sophia/theme.js": {"path":"/Users/andreeahanson/Workspace/sophia/theme.js","statementMap":{},"fnMap":{},"branchMap":{},"s":{},"f":{},"b":{},"_coverageSchema":"43e27e138ebf9cfc5966b082cf9a028302ed4184","hash":"a5be62ce225b2f8ec906e7320b144a71214a3904"}
,"/Users/andreeahanson/Workspace/sophia/Components/CreateAccount/CreateAccount.js": {"path":"/Users/andreeahanson/Workspace/sophia/Components/CreateAccount/CreateAccount.js","statementMap":{"0":{"start":{"line":12,"column":21},"end":{"line":31,"column":1}},"1":{"start":{"line":34,"column":9},"end":{"line":34,"column":21}},"2":{"start":{"line":36,"column":16},"end":{"line":44,"column":2}},"3":{"start":{"line":37,"column":30},"end":{"line":37,"column":90}},"4":{"start":{"line":38,"column":2},"end":{"line":40,"column":3}},"5":{"start":{"line":39,"column":3},"end":{"line":39,"column":28}},"6":{"start":{"line":41,"column":2},"end":{"line":43,"column":5}},"7":{"start":{"line":46,"column":22},"end":{"line":127,"column":2}},"8":{"start":{"line":65,"column":6},"end":{"line":65,"column":16}},"9":{"start":{"line":67,"column":27},"end":{"line":83,"column":3}},"10":{"start":{"line":84,"column":2},"end":{"line":106,"column":3}},"11":{"start":{"line":100,"column":3},"end":{"line":100,"column":66}},"12":{"start":{"line":102,"column":21},"end":{"line":102,"column":55}},"13":{"start":{"line":103,"column":19},"end":{"line":103,"column":74}},"14":{"start":{"line":104,"column":3},"end":{"line":104,"column":26}},"15":{"start":{"line":105,"column":3},"end":{"line":105,"column":55}},"16":{"start":{"line":107,"column":2},"end":{"line":126,"column":3}},"17":{"start":{"line":124,"column":3},"end":{"line":124,"column":35}},"18":{"start":{"line":125,"column":3},"end":{"line":125,"column":42}},"19":{"start":{"line":129,"column":25},"end":{"line":165,"column":2}},"20":{"start":{"line":141,"column":6},"end":{"line":141,"column":16}},"21":{"start":{"line":143,"column":30},"end":{"line":152,"column":3}},"22":{"start":{"line":153,"column":2},"end":{"line":160,"column":3}},"23":{"start":{"line":154,"column":3},"end":{"line":154,"column":66}},"24":{"start":{"line":156,"column":24},"end":{"line":156,"column":64}},"25":{"start":{"line":157,"column":16},"end":{"line":157,"column":77}},"26":{"start":{"line":158,"column":3},"end":{"line":158,"column":26}},"27":{"start":{"line":159,"column":3},"end":{"line":159,"column":55}},"28":{"start":{"line":161,"column":2},"end":{"line":164,"column":3}},"29":{"start":{"line":162,"column":3},"end":{"line":162,"column":35}},"30":{"start":{"line":163,"column":3},"end":{"line":163,"column":42}},"31":{"start":{"line":167,"column":21},"end":{"line":237,"column":2}},"32":{"start":{"line":168,"column":2},"end":{"line":236,"column":4}},"33":{"start":{"line":173,"column":28},"end":{"line":173,"column":63}},"34":{"start":{"line":181,"column":28},"end":{"line":181,"column":60}},"35":{"start":{"line":189,"column":28},"end":{"line":189,"column":61}},"36":{"start":{"line":197,"column":28},"end":{"line":197,"column":59}},"37":{"start":{"line":206,"column":28},"end":{"line":206,"column":61}},"38":{"start":{"line":214,"column":28},"end":{"line":214,"column":65}},"39":{"start":{"line":222,"column":28},"end":{"line":222,"column":60}},"40":{"start":{"line":230,"column":28},"end":{"line":230,"column":67}},"41":{"start":{"line":239,"column":24},"end":{"line":254,"column":2}},"42":{"start":{"line":240,"column":2},"end":{"line":253,"column":4}},"43":{"start":{"line":248,"column":28},"end":{"line":248,"column":65}},"44":{"start":{"line":256,"column":19},"end":{"line":269,"column":2}},"45":{"start":{"line":257,"column":2},"end":{"line":268,"column":4}},"46":{"start":{"line":271,"column":22},"end":{"line":286,"column":2}},"47":{"start":{"line":272,"column":2},"end":{"line":285,"column":4}},"48":{"start":{"line":289,"column":2},"end":{"line":383,"column":4}},"49":{"start":{"line":300,"column":21},"end":{"line":300,"column":61}},"50":{"start":{"line":309,"column":21},"end":{"line":309,"column":64}},"51":{"start":{"line":321,"column":29},"end":{"line":321,"column":65}},"52":{"start":{"line":329,"column":29},"end":{"line":329,"column":65}},"53":{"start":{"line":339,"column":29},"end":{"line":339,"column":78}},"54":{"start":{"line":349,"column":29},"end":{"line":349,"column":61}},"55":{"start":{"line":357,"column":29},"end":{"line":357,"column":62}},"56":{"start":{"line":365,"column":29},"end":{"line":365,"column":62}},"57":{"start":{"line":387,"column":31},"end":{"line":389,"column":2}},"58":{"start":{"line":387,"column":41},"end":{"line":389,"column":1}},"59":{"start":{"line":391,"column":34},"end":{"line":393,"column":2}},"60":{"start":{"line":391,"column":47},"end":{"line":393,"column":1}},"61":{"start":{"line":392,"column":16},"end":{"line":392,"column":37}},"62":{"start":{"line":397,"column":15},"end":{"line":467,"column":2}},"63":{"start":{"line":469,"column":0},"end":{"line":471,"column":2}}},"fnMap":{"0":{"name":"(anonymous_0)","decl":{"start":{"line":36,"column":16},"end":{"line":36,"column":17}},"loc":{"start":{"line":36,"column":33},"end":{"line":44,"column":2}},"line":36},"1":{"name":"(anonymous_1)","decl":{"start":{"line":46,"column":22},"end":{"line":46,"column":23}},"loc":{"start":{"line":46,"column":34},"end":{"line":127,"column":2}},"line":46},"2":{"name":"(anonymous_2)","decl":{"start":{"line":129,"column":25},"end":{"line":129,"column":26}},"loc":{"start":{"line":129,"column":37},"end":{"line":165,"column":2}},"line":129},"3":{"name":"(anonymous_3)","decl":{"start":{"line":167,"column":21},"end":{"line":167,"column":22}},"loc":{"start":{"line":167,"column":27},"end":{"line":237,"column":2}},"line":167},"4":{"name":"(anonymous_4)","decl":{"start":{"line":173,"column":19},"end":{"line":173,"column":20}},"loc":{"start":{"line":173,"column":28},"end":{"line":173,"column":63}},"line":173},"5":{"name":"(anonymous_5)","decl":{"start":{"line":181,"column":19},"end":{"line":181,"column":20}},"loc":{"start":{"line":181,"column":28},"end":{"line":181,"column":60}},"line":181},"6":{"name":"(anonymous_6)","decl":{"start":{"line":189,"column":19},"end":{"line":189,"column":20}},"loc":{"start":{"line":189,"column":28},"end":{"line":189,"column":61}},"line":189},"7":{"name":"(anonymous_7)","decl":{"start":{"line":197,"column":19},"end":{"line":197,"column":20}},"loc":{"start":{"line":197,"column":28},"end":{"line":197,"column":59}},"line":197},"8":{"name":"(anonymous_8)","decl":{"start":{"line":206,"column":19},"end":{"line":206,"column":20}},"loc":{"start":{"line":206,"column":28},"end":{"line":206,"column":61}},"line":206},"9":{"name":"(anonymous_9)","decl":{"start":{"line":214,"column":19},"end":{"line":214,"column":20}},"loc":{"start":{"line":214,"column":28},"end":{"line":214,"column":65}},"line":214},"10":{"name":"(anonymous_10)","decl":{"start":{"line":222,"column":19},"end":{"line":222,"column":20}},"loc":{"start":{"line":222,"column":28},"end":{"line":222,"column":60}},"line":222},"11":{"name":"(anonymous_11)","decl":{"start":{"line":230,"column":19},"end":{"line":230,"column":20}},"loc":{"start":{"line":230,"column":28},"end":{"line":230,"column":67}},"line":230},"12":{"name":"(anonymous_12)","decl":{"start":{"line":239,"column":24},"end":{"line":239,"column":25}},"loc":{"start":{"line":239,"column":30},"end":{"line":254,"column":2}},"line":239},"13":{"name":"(anonymous_13)","decl":{"start":{"line":248,"column":19},"end":{"line":248,"column":20}},"loc":{"start":{"line":248,"column":28},"end":{"line":248,"column":65}},"line":248},"14":{"name":"(anonymous_14)","decl":{"start":{"line":256,"column":19},"end":{"line":256,"column":20}},"loc":{"start":{"line":256,"column":25},"end":{"line":269,"column":2}},"line":256},"15":{"name":"(anonymous_15)","decl":{"start":{"line":271,"column":22},"end":{"line":271,"column":23}},"loc":{"start":{"line":271,"column":28},"end":{"line":286,"column":2}},"line":271},"16":{"name":"(anonymous_16)","decl":{"start":{"line":288,"column":1},"end":{"line":288,"column":2}},"loc":{"start":{"line":288,"column":11},"end":{"line":384,"column":2}},"line":288},"17":{"name":"(anonymous_17)","decl":{"start":{"line":300,"column":15},"end":{"line":300,"column":16}},"loc":{"start":{"line":300,"column":21},"end":{"line":300,"column":61}},"line":300},"18":{"name":"(anonymous_18)","decl":{"start":{"line":309,"column":15},"end":{"line":309,"column":16}},"loc":{"start":{"line":309,"column":21},"end":{"line":309,"column":64}},"line":309},"19":{"name":"(anonymous_19)","decl":{"start":{"line":321,"column":20},"end":{"line":321,"column":21}},"loc":{"start":{"line":321,"column":29},"end":{"line":321,"column":65}},"line":321},"20":{"name":"(anonymous_20)","decl":{"start":{"line":329,"column":20},"end":{"line":329,"column":21}},"loc":{"start":{"line":329,"column":29},"end":{"line":329,"column":65}},"line":329},"21":{"name":"(anonymous_21)","decl":{"start":{"line":339,"column":20},"end":{"line":339,"column":21}},"loc":{"start":{"line":339,"column":29},"end":{"line":339,"column":78}},"line":339},"22":{"name":"(anonymous_22)","decl":{"start":{"line":349,"column":20},"end":{"line":349,"column":21}},"loc":{"start":{"line":349,"column":29},"end":{"line":349,"column":61}},"line":349},"23":{"name":"(anonymous_23)","decl":{"start":{"line":357,"column":20},"end":{"line":357,"column":21}},"loc":{"start":{"line":357,"column":29},"end":{"line":357,"column":62}},"line":357},"24":{"name":"(anonymous_24)","decl":{"start":{"line":365,"column":20},"end":{"line":365,"column":21}},"loc":{"start":{"line":365,"column":29},"end":{"line":365,"column":62}},"line":365},"25":{"name":"(anonymous_25)","decl":{"start":{"line":387,"column":31},"end":{"line":387,"column":32}},"loc":{"start":{"line":387,"column":41},"end":{"line":389,"column":1}},"line":387},"26":{"name":"(anonymous_26)","decl":{"start":{"line":391,"column":34},"end":{"line":391,"column":35}},"loc":{"start":{"line":391,"column":47},"end":{"line":393,"column":1}},"line":391},"27":{"name":"(anonymous_27)","decl":{"start":{"line":392,"column":8},"end":{"line":392,"column":9}},"loc":{"start":{"line":392,"column":16},"end":{"line":392,"column":37}},"line":392}},"branchMap":{"0":{"loc":{"start":{"line":38,"column":2},"end":{"line":40,"column":3}},"type":"if","locations":[{"start":{"line":38,"column":2},"end":{"line":40,"column":3}},{"start":{"line":38,"column":2},"end":{"line":40,"column":3}}],"line":38},"1":{"loc":{"start":{"line":84,"column":2},"end":{"line":106,"column":3}},"type":"if","locations":[{"start":{"line":84,"column":2},"end":{"line":106,"column":3}},{"start":{"line":84,"column":2},"end":{"line":106,"column":3}}],"line":84},"2":{"loc":{"start":{"line":85,"column":3},"end":{"line":98,"column":15}},"type":"binary-expr","locations":[{"start":{"line":85,"column":3},"end":{"line":85,"column":12}},{"start":{"line":86,"column":3},"end":{"line":86,"column":12}},{"start":{"line":87,"column":3},"end":{"line":87,"column":25}},{"start":{"line":88,"column":3},"end":{"line":88,"column":8}},{"start":{"line":89,"column":3},"end":{"line":89,"column":9}},{"start":{"line":90,"column":3},"end":{"line":90,"column":9}},{"start":{"line":91,"column":3},"end":{"line":91,"column":11}},{"start":{"line":92,"column":3},"end":{"line":92,"column":9}},{"start":{"line":93,"column":3},"end":{"line":93,"column":8}},{"start":{"line":94,"column":3},"end":{"line":94,"column":7}},{"start":{"line":95,"column":3},"end":{"line":95,"column":9}},{"start":{"line":96,"column":3},"end":{"line":96,"column":13}},{"start":{"line":97,"column":3},"end":{"line":97,"column":8}},{"start":{"line":98,"column":3},"end":{"line":98,"column":15}}],"line":85},"3":{"loc":{"start":{"line":107,"column":2},"end":{"line":126,"column":3}},"type":"if","locations":[{"start":{"line":107,"column":2},"end":{"line":126,"column":3}},{"start":{"line":107,"column":2},"end":{"line":126,"column":3}}],"line":107},"4":{"loc":{"start":{"line":108,"column":3},"end":{"line":122,"column":14}},"type":"binary-expr","locations":[{"start":{"line":108,"column":3},"end":{"line":108,"column":9}},{"start":{"line":109,"column":3},"end":{"line":109,"column":11}},{"start":{"line":110,"column":3},"end":{"line":110,"column":11}},{"start":{"line":111,"column":3},"end":{"line":111,"column":24}},{"start":{"line":112,"column":3},"end":{"line":112,"column":7}},{"start":{"line":113,"column":3},"end":{"line":113,"column":8}},{"start":{"line":114,"column":3},"end":{"line":114,"column":8}},{"start":{"line":115,"column":3},"end":{"line":115,"column":10}},{"start":{"line":116,"column":3},"end":{"line":116,"column":8}},{"start":{"line":117,"column":3},"end":{"line":117,"column":7}},{"start":{"line":118,"column":3},"end":{"line":118,"column":6}},{"start":{"line":119,"column":3},"end":{"line":119,"column":8}},{"start":{"line":120,"column":3},"end":{"line":120,"column":12}},{"start":{"line":121,"column":3},"end":{"line":121,"column":7}},{"start":{"line":122,"column":3},"end":{"line":122,"column":14}}],"line":108},"5":{"loc":{"start":{"line":153,"column":2},"end":{"line":160,"column":3}},"type":"if","locations":[{"start":{"line":153,"column":2},"end":{"line":160,"column":3}},{"start":{"line":153,"column":2},"end":{"line":160,"column":3}}],"line":153},"6":{"loc":{"start":{"line":153,"column":6},"end":{"line":153,"column":97}},"type":"binary-expr","locations":[{"start":{"line":153,"column":6},"end":{"line":153,"column":15}},{"start":{"line":153,"column":19},"end":{"line":153,"column":28}},{"start":{"line":153,"column":32},"end":{"line":153,"column":54}},{"start":{"line":153,"column":58},"end":{"line":153,"column":63}},{"start":{"line":153,"column":67},"end":{"line":153,"column":73}},{"start":{"line":153,"column":77},"end":{"line":153,"column":83}},{"start":{"line":153,"column":87},"end":{"line":153,"column":97}}],"line":153},"7":{"loc":{"start":{"line":161,"column":2},"end":{"line":164,"column":3}},"type":"if","locations":[{"start":{"line":161,"column":2},"end":{"line":164,"column":3}},{"start":{"line":161,"column":2},"end":{"line":164,"column":3}}],"line":161},"8":{"loc":{"start":{"line":161,"column":6},"end":{"line":161,"column":100}},"type":"binary-expr","locations":[{"start":{"line":161,"column":6},"end":{"line":161,"column":12}},{"start":{"line":161,"column":16},"end":{"line":161,"column":24}},{"start":{"line":161,"column":28},"end":{"line":161,"column":36}},{"start":{"line":161,"column":40},"end":{"line":161,"column":61}},{"start":{"line":161,"column":65},"end":{"line":161,"column":69}},{"start":{"line":161,"column":73},"end":{"line":161,"column":78}},{"start":{"line":161,"column":82},"end":{"line":161,"column":87}},{"start":{"line":161,"column":91},"end":{"line":161,"column":100}}],"line":161},"9":{"loc":{"start":{"line":265,"column":51},"end":{"line":265,"column":104}},"type":"cond-expr","locations":[{"start":{"line":265,"column":89},"end":{"line":265,"column":97}},{"start":{"line":265,"column":100},"end":{"line":265,"column":104}}],"line":265},"10":{"loc":{"start":{"line":281,"column":16},"end":{"line":281,"column":75}},"type":"cond-expr","locations":[{"start":{"line":281,"column":57},"end":{"line":281,"column":68}},{"start":{"line":281,"column":71},"end":{"line":281,"column":75}}],"line":281},"11":{"loc":{"start":{"line":371,"column":6},"end":{"line":371,"column":69}},"type":"binary-expr","locations":[{"start":{"line":371,"column":6},"end":{"line":371,"column":41}},{"start":{"line":371,"column":45},"end":{"line":371,"column":69}}],"line":371},"12":{"loc":{"start":{"line":372,"column":6},"end":{"line":372,"column":75}},"type":"binary-expr","locations":[{"start":{"line":372,"column":6},"end":{"line":372,"column":44}},{"start":{"line":372,"column":48},"end":{"line":372,"column":75}}],"line":372},"13":{"loc":{"start":{"line":374,"column":5},"end":{"line":374,"column":72}},"type":"cond-expr","locations":[{"start":{"line":374,"column":43},"end":{"line":374,"column":65}},{"start":{"line":374,"column":68},"end":{"line":374,"column":72}}],"line":374},"14":{"loc":{"start":{"line":375,"column":5},"end":{"line":375,"column":78}},"type":"cond-expr","locations":[{"start":{"line":375,"column":46},"end":{"line":375,"column":71}},{"start":{"line":375,"column":74},"end":{"line":375,"column":78}}],"line":375}},"s":{"0":1,"1":1,"2":1,"3":1,"4":1,"5":0,"6":1,"7":1,"8":1,"9":1,"10":1,"11":1,"12":0,"13":0,"14":0,"15":0,"16":1,"17":0,"18":0,"19":1,"20":0,"21":0,"22":0,"23":0,"24":0,"25":0,"26":0,"27":0,"28":0,"29":0,"30":0,"31":1,"32":0,"33":0,"34":0,"35":0,"36":0,"37":0,"38":0,"39":0,"40":0,"41":1,"42":0,"43":0,"44":1,"45":0,"46":1,"47":0,"48":3,"49":0,"50":0,"51":0,"52":0,"53":0,"54":0,"55":0,"56":0,"57":1,"58":1,"59":1,"60":1,"61":1,"62":1,"63":1},"f":{"0":1,"1":1,"2":0,"3":0,"4":0,"5":0,"6":0,"7":0,"8":0,"9":0,"10":0,"11":0,"12":0,"13":0,"14":0,"15":0,"16":3,"17":0,"18":0,"19":0,"20":0,"21":0,"22":0,"23":0,"24":0,"25":1,"26":1,"27":1},"b":{"0":[0,1],"1":[1,0],"2":[1,0,0,0,0,0,0,0,0,0,0,0,0,0],"3":[0,1],"4":[1,1,0,0,0,0,0,0,0,0,0,0,0,0,0],"5":[0,0],"6":[0,0,0,0,0,0,0],"7":[0,0],"8":[0,0,0,0,0,0,0,0],"9":[0,0],"10":[0,0],"11":[3,0],"12":[3,0],"13":[0,3],"14":[0,3]},"_coverageSchema":"43e27e138ebf9cfc5966b082cf9a028302ed4184","hash":"5a0ca5cd6b403d2c5344626a3a9f34c11a8d3951"}
,"/Users/andreeahanson/Workspace/sophia/Utils/logInUser.js": {"path":"/Users/andreeahanson/Workspace/sophia/Utils/logInUser.js","statementMap":{"0":{"start":{"line":1,"column":25},"end":{"line":13,"column":1}},"1":{"start":{"line":2,"column":18},"end":{"line":6,"column":3}},"2":{"start":{"line":7,"column":2},"end":{"line":12,"column":3}},"3":{"start":{"line":8,"column":21},"end":{"line":8,"column":98}},"4":{"start":{"line":9,"column":4},"end":{"line":9,"column":33}},"5":{"start":{"line":11,"column":4},"end":{"line":11,"column":64}}},"fnMap":{"0":{"name":"(anonymous_0)","decl":{"start":{"line":1,"column":25},"end":{"line":1,"column":26}},"loc":{"start":{"line":1,"column":55},"end":{"line":13,"column":1}},"line":1}},"branchMap":{},"s":{"0":1,"1":0,"2":0,"3":0,"4":0,"5":0},"f":{"0":0},"b":{},"_coverageSchema":"43e27e138ebf9cfc5966b082cf9a028302ed4184","hash":"4a02e332ff7dd1908bc4c729bf342576393bdabb"}
,"/Users/andreeahanson/Workspace/sophia/Utils/postCaretaker.js": {"path":"/Users/andreeahanson/Workspace/sophia/Utils/postCaretaker.js","statementMap":{"0":{"start":{"line":2,"column":29},"end":{"line":15,"column":3}},"1":{"start":{"line":3,"column":18},"end":{"line":7,"column":5}},"2":{"start":{"line":9,"column":2},"end":{"line":14,"column":3}},"3":{"start":{"line":10,"column":20},"end":{"line":10,"column":103}},"4":{"start":{"line":11,"column":6},"end":{"line":11,"column":35}},"5":{"start":{"line":13,"column":3},"end":{"line":13,"column":63}}},"fnMap":{"0":{"name":"(anonymous_0)","decl":{"start":{"line":2,"column":29},"end":{"line":2,"column":30}},"loc":{"start":{"line":2,"column":46},"end":{"line":15,"column":3}},"line":2}},"branchMap":{},"s":{"0":1,"1":0,"2":0,"3":0,"4":0,"5":0},"f":{"0":0},"b":{},"_coverageSchema":"43e27e138ebf9cfc5966b082cf9a028302ed4184","hash":"af361c8e9cc5e47405be5729dcc1c3d6700053c3"}
,"/Users/andreeahanson/Workspace/sophia/Utils/postClient.js": {"path":"/Users/andreeahanson/Workspace/sophia/Utils/postClient.js","statementMap":{"0":{"start":{"line":1,"column":26},"end":{"line":13,"column":1}},"1":{"start":{"line":2,"column":18},"end":{"line":6,"column":3}},"2":{"start":{"line":7,"column":2},"end":{"line":12,"column":3}},"3":{"start":{"line":8,"column":21},"end":{"line":8,"column":101}},"4":{"start":{"line":9,"column":4},"end":{"line":9,"column":33}},"5":{"start":{"line":11,"column":4},"end":{"line":11,"column":64}}},"fnMap":{"0":{"name":"(anonymous_0)","decl":{"start":{"line":1,"column":26},"end":{"line":1,"column":27}},"loc":{"start":{"line":1,"column":43},"end":{"line":13,"column":1}},"line":1}},"branchMap":{},"s":{"0":1,"1":0,"2":0,"3":0,"4":0,"5":0},"f":{"0":0},"b":{},"_coverageSchema":"43e27e138ebf9cfc5966b082cf9a028302ed4184","hash":"3878b55a4814467d2b19540fcf5d07070b16ec64"}
,"/Users/andreeahanson/Workspace/sophia/actions/index.js": {"path":"/Users/andreeahanson/Workspace/sophia/actions/index.js","statementMap":{"0":{"start":{"line":1,"column":27},"end":{"line":4,"column":2}},"1":{"start":{"line":1,"column":39},"end":{"line":4,"column":1}},"2":{"start":{"line":6,"column":25},"end":{"line":9,"column":2}},"3":{"start":{"line":6,"column":35},"end":{"line":9,"column":1}},"4":{"start":{"line":11,"column":21},"end":{"line":14,"column":2}},"5":{"start":{"line":11,"column":32},"end":{"line":14,"column":1}},"6":{"start":{"line":16,"column":25},"end":{"line":19,"column":2}},"7":{"start":{"line":16,"column":35},"end":{"line":19,"column":1}},"8":{"start":{"line":21,"column":22},"end":{"line":23,"column":2}},"9":{"start":{"line":21,"column":29},"end":{"line":23,"column":1}}},"fnMap":{"0":{"name":"(anonymous_0)","decl":{"start":{"line":1,"column":27},"end":{"line":1,"column":28}},"loc":{"start":{"line":1,"column":39},"end":{"line":4,"column":1}},"line":1},"1":{"name":"(anonymous_1)","decl":{"start":{"line":6,"column":25},"end":{"line":6,"column":26}},"loc":{"start":{"line":6,"column":35},"end":{"line":9,"column":1}},"line":6},"2":{"name":"(anonymous_2)","decl":{"start":{"line":11,"column":21},"end":{"line":11,"column":22}},"loc":{"start":{"line":11,"column":32},"end":{"line":14,"column":1}},"line":11},"3":{"name":"(anonymous_3)","decl":{"start":{"line":16,"column":25},"end":{"line":16,"column":26}},"loc":{"start":{"line":16,"column":35},"end":{"line":19,"column":1}},"line":16},"4":{"name":"(anonymous_4)","decl":{"start":{"line":21,"column":22},"end":{"line":21,"column":23}},"loc":{"start":{"line":21,"column":29},"end":{"line":23,"column":1}},"line":21}},"branchMap":{},"s":{"0":1,"1":0,"2":1,"3":0,"4":1,"5":2,"6":1,"7":0,"8":1,"9":0},"f":{"0":0,"1":0,"2":2,"3":0,"4":0},"b":{},"_coverageSchema":"43e27e138ebf9cfc5966b082cf9a028302ed4184","hash":"e60554c93b2783b0c297ac58075b50f4efba2185"}
}
