TN:
SF:/Users/andreeahanson/Workspace/sophia/Utils/clientApiCalls.js
FN:1,(anonymous_0)
FN:16,(anonymous_1)
FN:28,(anonymous_2)
FN:44,(anonymous_3)
FN:58,(anonymous_4)
FN:73,(anonymous_5)
FN:83,(anonymous_6)
FN:93,(anonymous_7)
FNF:8
FNH:2
FNDA:0,(anonymous_0)
FNDA:0,(anonymous_1)
FNDA:0,(anonymous_2)
FNDA:3,(anonymous_3)
FNDA:3,(anonymous_4)
FNDA:0,(anonymous_5)
FNDA:0,(anonymous_6)
FNDA:0,(anonymous_7)
DA:1,1
DA:2,0
DA:3,0
DA:8,0
DA:9,0
DA:10,0
DA:12,0
DA:13,0
DA:16,1
DA:17,0
DA:18,0
DA:22,0
DA:23,0
DA:24,0
DA:28,1
DA:29,0
DA:34,0
DA:36,0
DA:37,0
DA:39,0
DA:40,0
DA:41,0
DA:44,1
DA:45,3
DA:50,3
DA:51,2
DA:52,1
DA:54,1
DA:55,1
DA:58,1
DA:59,3
DA:60,3
DA:64,3
DA:68,0
DA:69,0
DA:73,1
DA:74,0
DA:75,0
DA:76,0
DA:78,0
DA:79,0
DA:83,1
DA:84,0
DA:85,0
DA:86,0
DA:88,0
DA:89,0
DA:93,1
DA:94,0
DA:95,0
DA:96,0
DA:101,0
DA:102,0
DA:104,0
DA:105,0
DA:107,0
DA:108,0
LF:57
LH:17
BRDA:9,0,0,0
BRDA:9,0,1,0
BRDA:23,1,0,0
BRDA:23,1,1,0
BRDA:36,2,0,0
BRDA:36,2,1,0
BRDA:51,3,0,1
BRDA:51,3,1,1
BRDA:68,4,0,0
BRDA:68,4,1,0
BRDA:75,5,0,0
BRDA:75,5,1,0
BRDA:85,6,0,0
BRDA:85,6,1,0
BRDA:104,7,0,0
BRDA:104,7,1,0
BRF:16
BRH:2
end_of_record
TN:
SF:/Users/andreeahanson/Workspace/sophia/Utils/logInUser.js
FN:1,(anonymous_0)
FNF:1
FNH:1
FNDA:3,(anonymous_0)
DA:1,1
DA:2,3
DA:7,3
DA:8,3
DA:9,1
DA:11,0
LF:6
LH:5
BRF:0
BRH:0
end_of_record
TN:
SF:/Users/andreeahanson/Workspace/sophia/Utils/postCaretaker.js
FN:2,(anonymous_0)
FNF:1
FNH:1
FNDA:3,(anonymous_0)
DA:2,1
DA:3,3
DA:4,3
DA:10,3
DA:11,3
DA:12,1
DA:14,0
LF:7
LH:6
BRF:0
BRH:0
end_of_record
TN:
SF:/Users/andreeahanson/Workspace/sophia/Utils/postClient.js
FN:1,(anonymous_0)
FNF:1
FNH:1
FNDA:3,(anonymous_0)
DA:1,1
DA:2,3
DA:7,3
DA:8,3
DA:9,1
DA:11,0
LF:6
LH:5
BRF:0
BRH:0
end_of_record
TN:
SF:/Users/andreeahanson/Workspace/sophia/actions/index.js
FN:1,(anonymous_0)
FN:6,(anonymous_1)
FN:11,(anonymous_2)
FN:16,(anonymous_3)
FN:21,(anonymous_4)
FN:26,(anonymous_5)
FN:31,(anonymous_6)
FNF:7
FNH:4
FNDA:1,(anonymous_0)
FNDA:1,(anonymous_1)
FNDA:1,(anonymous_2)
FNDA:1,(anonymous_3)
FNDA:0,(anonymous_4)
FNDA:0,(anonymous_5)
FNDA:0,(anonymous_6)
DA:1,1
DA:6,1
DA:11,1
DA:16,1
DA:21,1
DA:26,1
DA:31,1
LF:7
LH:7
BRF:0
BRH:0
end_of_record
TN:
SF:/Users/andreeahanson/Workspace/sophia/reducers/ListsReducer.js
FN:1,(anonymous_0)
FN:4,(anonymous_1)
FN:18,(anonymous_2)
FNF:3
FNH:2
FNDA:2,(anonymous_0)
FNDA:1,(anonymous_1)
FNDA:0,(anonymous_2)
DA:1,1
DA:2,2
DA:4,1
DA:5,1
DA:6,1
DA:7,1
DA:8,0
DA:10,1
DA:11,0
DA:13,1
DA:15,1
DA:17,0
DA:18,0
DA:19,0
DA:20,0
DA:21,0
DA:22,0
DA:24,0
DA:25,0
DA:27,0
DA:29,0
DA:31,0
DA:33,1
LF:23
LH:10
BRDA:1,0,0,2
BRDA:2,1,0,1
BRDA:2,1,1,0
BRDA:2,1,2,0
BRDA:2,1,3,1
BRDA:7,2,0,0
BRDA:7,2,1,1
BRDA:10,3,0,0
BRDA:10,3,1,1
BRDA:21,4,0,0
BRDA:21,4,1,0
BRDA:24,5,0,0
BRDA:24,5,1,0
BRF:13
BRH:5
end_of_record
TN:
SF:/Users/andreeahanson/Workspace/sophia/reducers/ProfileReducer.js
FN:1,(anonymous_0)
FNF:1
FNH:1
FNDA:2,(anonymous_0)
DA:1,1
DA:2,2
DA:4,1
DA:6,1
LF:4
LH:4
BRDA:1,0,0,2
BRDA:2,1,0,1
BRDA:2,1,1,1
BRF:3
BRH:3
end_of_record
TN:
SF:/Users/andreeahanson/Workspace/sophia/reducers/TaskReducer.js
FN:1,(anonymous_0)
FN:4,(anonymous_1)
FNF:2
FNH:1
FNDA:2,(anonymous_0)
FNDA:0,(anonymous_1)
DA:1,1
DA:2,2
DA:4,1
DA:5,0
DA:6,0
DA:7,0
DA:8,0
DA:10,0
DA:11,0
DA:13,0
DA:15,1
DA:17,0
DA:19,0
DA:21,1
LF:14
LH:5
BRDA:1,0,0,2
BRDA:2,1,0,1
BRDA:2,1,1,0
BRDA:2,1,2,0
BRDA:2,1,3,1
BRDA:7,2,0,0
BRDA:7,2,1,0
BRDA:10,3,0,0
BRDA:10,3,1,0
BRF:9
BRH:3
end_of_record
TN:
SF:/Users/andreeahanson/Workspace/sophia/reducers/UserAccountReducer.js
FN:1,(anonymous_0)
FNF:1
FNH:1
FNDA:2,(anonymous_0)
DA:1,1
DA:2,2
DA:4,1
DA:6,0
DA:8,1
LF:5
LH:4
BRDA:1,0,0,2
BRDA:2,1,0,1
BRDA:2,1,1,0
BRDA:2,1,2,1
BRF:4
BRH:3
end_of_record
