TN:
SF:/Users/andreeahanson/Workspace/sophia/theme.js
FNF:0
FNH:0
LF:0
LH:0
BRF:0
BRH:0
end_of_record
TN:
SF:/Users/andreeahanson/Workspace/sophia/Components/CreateAccount/CreateAccount.js
FN:37,(anonymous_0)
FN:47,(anonymous_1)
FN:130,(anonymous_2)
FN:168,(anonymous_3)
FN:174,(anonymous_4)
FN:182,(anonymous_5)
FN:190,(anonymous_6)
FN:198,(anonymous_7)
FN:207,(anonymous_8)
FN:215,(anonymous_9)
FN:223,(anonymous_10)
FN:231,(anonymous_11)
FN:240,(anonymous_12)
FN:249,(anonymous_13)
FN:257,(anonymous_14)
FN:272,(anonymous_15)
FN:287,(anonymous_16)
FN:299,(anonymous_17)
FN:308,(anonymous_18)
FN:320,(anonymous_19)
FN:328,(anonymous_20)
FN:338,(anonymous_21)
FN:348,(anonymous_22)
FN:356,(anonymous_23)
FN:364,(anonymous_24)
FN:387,(anonymous_25)
FN:391,(anonymous_26)
FN:392,(anonymous_27)
FNF:28
FNH:5
FNDA:1,(anonymous_0)
FNDA:1,(anonymous_1)
FNDA:0,(anonymous_2)
FNDA:0,(anonymous_3)
FNDA:0,(anonymous_4)
FNDA:0,(anonymous_5)
FNDA:0,(anonymous_6)
FNDA:0,(anonymous_7)
FNDA:0,(anonymous_8)
FNDA:0,(anonymous_9)
FNDA:0,(anonymous_10)
FNDA:0,(anonymous_11)
FNDA:0,(anonymous_12)
FNDA:0,(anonymous_13)
FNDA:0,(anonymous_14)
FNDA:0,(anonymous_15)
FNDA:3,(anonymous_16)
FNDA:0,(anonymous_17)
FNDA:0,(anonymous_18)
FNDA:0,(anonymous_19)
FNDA:0,(anonymous_20)
FNDA:0,(anonymous_21)
FNDA:0,(anonymous_22)
FNDA:0,(anonymous_23)
FNDA:0,(anonymous_24)
FNDA:0,(anonymous_25)
FNDA:1,(anonymous_26)
FNDA:1,(anonymous_27)
DA:13,1
DA:35,1
DA:37,1
DA:38,1
DA:39,1
DA:40,0
DA:42,1
DA:47,1
DA:66,1
DA:68,1
DA:85,1
DA:101,1
DA:103,0
DA:104,0
DA:105,0
DA:106,0
DA:108,1
DA:125,0
DA:126,0
DA:130,1
DA:142,0
DA:144,0
DA:154,0
DA:155,0
DA:157,0
DA:158,0
DA:159,0
DA:160,0
DA:162,0
DA:163,0
DA:164,0
DA:168,1
DA:169,0
DA:174,0
DA:182,0
DA:190,0
DA:198,0
DA:207,0
DA:215,0
DA:223,0
DA:231,0
DA:240,1
DA:241,0
DA:249,0
DA:257,1
DA:258,0
DA:272,1
DA:273,0
DA:288,3
DA:299,0
DA:308,0
DA:320,0
DA:328,0
DA:338,0
DA:348,0
DA:356,0
DA:364,0
DA:387,1
DA:391,1
DA:392,1
DA:397,1
LF:61
LH:22
BRDA:39,0,0,0
BRDA:39,0,1,1
BRDA:85,1,0,1
BRDA:85,1,1,0
BRDA:86,2,0,1
BRDA:86,2,1,0
BRDA:86,2,2,0
BRDA:86,2,3,0
BRDA:86,2,4,0
BRDA:86,2,5,0
BRDA:86,2,6,0
BRDA:86,2,7,0
BRDA:86,2,8,0
BRDA:86,2,9,0
BRDA:86,2,10,0
BRDA:86,2,11,0
BRDA:86,2,12,0
BRDA:86,2,13,0
BRDA:108,3,0,0
BRDA:108,3,1,1
BRDA:109,4,0,1
BRDA:109,4,1,1
BRDA:109,4,2,0
BRDA:109,4,3,0
BRDA:109,4,4,0
BRDA:109,4,5,0
BRDA:109,4,6,0
BRDA:109,4,7,0
BRDA:109,4,8,0
BRDA:109,4,9,0
BRDA:109,4,10,0
BRDA:109,4,11,0
BRDA:109,4,12,0
BRDA:109,4,13,0
BRDA:109,4,14,0
BRDA:154,5,0,0
BRDA:154,5,1,0
BRDA:154,6,0,0
BRDA:154,6,1,0
BRDA:154,6,2,0
BRDA:154,6,3,0
BRDA:154,6,4,0
BRDA:154,6,5,0
BRDA:154,6,6,0
BRDA:162,7,0,0
BRDA:162,7,1,0
BRDA:162,8,0,0
BRDA:162,8,1,0
BRDA:162,8,2,0
BRDA:162,8,3,0
BRDA:162,8,4,0
BRDA:162,8,5,0
BRDA:162,8,6,0
BRDA:162,8,7,0
BRDA:266,9,0,0
BRDA:266,9,1,0
BRDA:281,10,0,0
BRDA:281,10,1,0
BRDA:370,11,0,3
BRDA:370,11,1,0
BRDA:371,12,0,3
BRDA:371,12,1,0
BRDA:373,13,0,0
BRDA:373,13,1,3
BRDA:374,14,0,0
BRDA:374,14,1,3
BRF:66
BRH:10
end_of_record
TN:
SF:/Users/andreeahanson/Workspace/sophia/Components/CreateAccount/styleCreateAccount.js
FNF:0
FNH:0
DA:4,1
LF:1
LH:1
BRF:0
BRH:0
end_of_record
TN:
SF:/Users/andreeahanson/Workspace/sophia/Components/Login/Login.js
FN:21,(anonymous_0)
FN:27,(anonymous_1)
FN:53,(anonymous_2)
FN:62,(anonymous_3)
FN:71,(anonymous_4)
FN:98,(anonymous_5)
FN:102,(anonymous_6)
FN:103,(anonymous_7)
FNF:8
FNH:5
FNDA:1,(anonymous_0)
FNDA:2,(anonymous_1)
FNDA:6,(anonymous_2)
FNDA:0,(anonymous_3)
FNDA:0,(anonymous_4)
FNDA:0,(anonymous_5)
FNDA:1,(anonymous_6)
FNDA:1,(anonymous_7)
DA:11,1
DA:19,1
DA:21,1
DA:22,1
DA:27,1
DA:28,2
DA:29,2
DA:32,2
DA:33,2
DA:37,0
DA:38,0
DA:39,0
DA:44,2
DA:45,0
DA:49,0
DA:54,6
DA:62,0
DA:71,0
DA:98,1
DA:102,1
DA:103,1
DA:108,1
LF:22
LH:15
BRDA:32,0,0,2
BRDA:32,0,1,0
BRDA:32,1,0,2
BRDA:32,1,1,0
BRDA:44,2,0,0
BRDA:44,2,1,2
BRDA:44,3,0,2
BRDA:44,3,1,2
BRDA:44,3,2,0
BRF:9
BRH:5
end_of_record
TN:
SF:/Users/andreeahanson/Workspace/sophia/Components/Login/styleLogin.js
FNF:0
FNH:0
DA:4,1
LF:1
LH:1
BRF:0
BRH:0
end_of_record
TN:
SF:/Users/andreeahanson/Workspace/sophia/Components/Screens/UserHomeScreen.js
FN:10,(anonymous_0)
FN:24,(anonymous_1)
FN:34,(anonymous_2)
FN:47,(anonymous_3)
FN:52,(anonymous_4)
FN:53,(anonymous_5)
FNF:6
FNH:4
FNDA:1,(anonymous_0)
FNDA:0,(anonymous_1)
FNDA:0,(anonymous_2)
FNDA:1,(anonymous_3)
FNDA:1,(anonymous_4)
FNDA:1,(anonymous_5)
DA:11,1
DA:24,0
DA:35,0
DA:47,1
DA:52,1
DA:53,1
DA:58,1
LF:7
LH:5
BRDA:18,0,0,1
BRDA:18,0,1,0
BRDA:35,1,0,0
BRDA:35,1,1,0
BRF:4
BRH:1
end_of_record
TN:
SF:/Users/andreeahanson/Workspace/sophia/Components/Screens/styleUserHomeScreen.js
FNF:0
FNH:0
DA:4,1
LF:1
LH:1
BRF:0
BRH:0
end_of_record
TN:
SF:/Users/andreeahanson/Workspace/sophia/Components/Tasks/Tasks.js
FN:12,(anonymous_0)
FN:24,(anonymous_1)
FN:28,(anonymous_2)
FN:36,(anonymous_3)
FN:40,(anonymous_4)
FN:52,(anonymous_5)
FN:56,(anonymous_6)
FN:60,(anonymous_7)
FN:64,(anonymous_8)
FN:68,(anonymous_9)
FN:72,(anonymous_10)
FN:82,(anonymous_11)
FN:96,(anonymous_12)
FN:102,(anonymous_13)
FN:112,(anonymous_14)
FN:115,(anonymous_15)
FN:138,(anonymous_16)
FN:150,(anonymous_17)
FN:158,(anonymous_18)
FN:167,(anonymous_19)
FN:207,(anonymous_20)
FN:218,(anonymous_21)
FN:224,(anonymous_22)
FN:225,(anonymous_23)
FNF:24
FNH:11
FNDA:1,(anonymous_0)
FNDA:1,(anonymous_1)
FNDA:0,(anonymous_2)
FNDA:1,(anonymous_3)
FNDA:0,(anonymous_4)
FNDA:1,(anonymous_5)
FNDA:1,(anonymous_6)
FNDA:1,(anonymous_7)
FNDA:1,(anonymous_8)
FNDA:1,(anonymous_9)
FNDA:0,(anonymous_10)
FNDA:0,(anonymous_11)
FNDA:0,(anonymous_12)
FNDA:0,(anonymous_13)
FNDA:6,(anonymous_14)
FNDA:0,(anonymous_15)
FNDA:0,(anonymous_16)
FNDA:0,(anonymous_17)
FNDA:0,(anonymous_18)
FNDA:0,(anonymous_19)
FNDA:0,(anonymous_20)
FNDA:0,(anonymous_21)
FNDA:1,(anonymous_22)
FNDA:1,(anonymous_23)
DA:13,1
DA:14,1
DA:24,1
DA:25,1
DA:28,1
DA:29,0
DA:30,0
DA:31,0
DA:32,0
DA:33,0
DA:36,1
DA:37,1
DA:38,1
DA:39,1
DA:40,0
DA:41,0
DA:49,0
DA:52,1
DA:53,1
DA:56,1
DA:57,1
DA:60,1
DA:61,1
DA:64,1
DA:65,1
DA:68,1
DA:69,1
DA:72,1
DA:73,0
DA:74,0
DA:75,0
DA:76,0
DA:77,0
DA:78,0
DA:79,0
DA:82,1
DA:83,0
DA:84,0
DA:85,0
DA:86,0
DA:91,0
DA:92,0
DA:93,0
DA:96,1
DA:97,0
DA:98,0
DA:99,0
DA:102,1
DA:103,0
DA:104,0
DA:105,0
DA:106,0
DA:107,0
DA:108,0
DA:109,0
DA:113,6
DA:114,6
DA:115,6
DA:116,0
DA:138,0
DA:150,0
DA:158,0
DA:167,0
DA:176,6
DA:207,0
DA:218,1
DA:224,1
DA:225,1
DA:234,1
LF:69
LH:31
BRDA:25,0,0,0
BRDA:25,0,1,1
BRDA:119,1,0,0
BRDA:119,1,1,0
BRDA:122,2,0,0
BRDA:122,2,1,0
BRDA:123,3,0,0
BRDA:123,3,1,0
BRDA:126,4,0,0
BRDA:126,4,1,0
BRDA:145,5,0,0
BRDA:145,5,1,0
BRDA:163,6,0,0
BRDA:163,6,1,0
BRDA:169,7,0,0
BRDA:169,7,1,0
BRDA:181,8,0,6
BRDA:181,8,1,6
BRDA:212,9,0,6
BRDA:212,9,1,6
BRF:20
BRH:5
end_of_record
TN:
SF:/Users/andreeahanson/Workspace/sophia/Components/Tasks/styleTasks.js
FNF:0
FNH:0
DA:4,1
LF:1
LH:1
BRF:0
BRH:0
end_of_record
TN:
SF:/Users/andreeahanson/Workspace/sophia/Utils/caretakerApiCalls.js
FN:1,(anonymous_0)
FN:13,(anonymous_1)
FN:25,(anonymous_2)
FNF:3
FNH:0
FNDA:0,(anonymous_0)
FNDA:0,(anonymous_1)
FNDA:0,(anonymous_2)
DA:1,1
DA:2,0
DA:5,0
DA:6,0
DA:8,0
DA:9,0
DA:13,1
DA:14,0
DA:17,0
DA:18,0
DA:20,0
DA:21,0
DA:25,1
DA:26,0
DA:27,0
DA:32,0
DA:33,0
DA:34,0
DA:36,0
DA:37,0
LF:20
LH:3
BRDA:5,0,0,0
BRDA:5,0,1,0
BRDA:17,1,0,0
BRDA:17,1,1,0
BRDA:33,2,0,0
BRDA:33,2,1,0
BRF:6
BRH:0
end_of_record
TN:
SF:/Users/andreeahanson/Workspace/sophia/Utils/clientApiCalls.js
FN:1,(anonymous_0)
FN:13,(anonymous_1)
FN:28,(anonymous_2)
FN:40,(anonymous_3)
FN:56,(anonymous_4)
FN:68,(anonymous_5)
FN:82,(anonymous_6)
FN:97,(anonymous_7)
FN:108,(anonymous_8)
FNF:9
FNH:8
FNDA:2,(anonymous_0)
FNDA:3,(anonymous_1)
FNDA:3,(anonymous_2)
FNDA:3,(anonymous_3)
FNDA:3,(anonymous_4)
FNDA:3,(anonymous_5)
FNDA:3,(anonymous_6)
FNDA:3,(anonymous_7)
FNDA:0,(anonymous_8)
DA:1,3
DA:2,2
DA:5,2
DA:6,1
DA:8,1
DA:9,1
DA:13,3
DA:14,3
DA:15,3
DA:20,3
DA:21,2
DA:22,1
DA:24,1
DA:25,1
DA:28,3
DA:29,3
DA:30,3
DA:34,3
DA:35,2
DA:36,1
DA:40,3
DA:41,3
DA:46,3
DA:48,2
DA:49,1
DA:51,1
DA:52,1
DA:56,3
DA:57,3
DA:60,2
DA:61,1
DA:63,1
DA:64,1
DA:68,3
DA:69,3
DA:74,3
DA:75,2
DA:76,1
DA:78,1
DA:79,1
DA:82,3
DA:83,3
DA:89,3
DA:90,1
DA:91,0
DA:93,1
DA:94,1
DA:97,3
DA:98,3
DA:102,3
DA:103,0
DA:104,0
DA:108,3
DA:109,0
DA:112,0
DA:113,0
DA:115,0
DA:116,0
LF:58
LH:50
BRDA:5,0,0,1
BRDA:5,0,1,1
BRDA:21,1,0,1
BRDA:21,1,1,1
BRDA:35,2,0,1
BRDA:35,2,1,1
BRDA:48,3,0,1
BRDA:48,3,1,1
BRDA:60,4,0,1
BRDA:60,4,1,1
BRDA:75,5,0,1
BRDA:75,5,1,1
BRDA:90,6,0,0
BRDA:90,6,1,1
BRDA:103,7,0,0
BRDA:103,7,1,0
BRDA:112,8,0,0
BRDA:112,8,1,0
BRF:18
BRH:13
end_of_record
TN:
SF:/Users/andreeahanson/Workspace/sophia/Utils/logInUser.js
FN:1,(anonymous_0)
FNF:1
FNH:1
FNDA:3,(anonymous_0)
DA:1,3
DA:2,3
DA:7,3
DA:8,3
DA:9,1
DA:11,0
LF:6
LH:5
BRF:0
BRH:0
end_of_record
TN:
SF:/Users/andreeahanson/Workspace/sophia/Utils/postCaretaker.js
FN:2,(anonymous_0)
FNF:1
FNH:1
FNDA:3,(anonymous_0)
DA:2,2
DA:3,3
DA:4,3
DA:10,3
DA:11,3
DA:12,1
DA:14,0
LF:7
LH:6
BRF:0
BRH:0
end_of_record
TN:
SF:/Users/andreeahanson/Workspace/sophia/Utils/postClient.js
FN:1,(anonymous_0)
FNF:1
FNH:1
FNDA:3,(anonymous_0)
DA:1,2
DA:2,3
DA:7,3
DA:8,3
DA:9,1
DA:11,0
LF:6
LH:5
BRF:0
BRH:0
end_of_record
TN:
SF:/Users/andreeahanson/Workspace/sophia/actions/index.js
FN:1,(anonymous_0)
FN:6,(anonymous_1)
FN:11,(anonymous_2)
FN:16,(anonymous_3)
FN:21,(anonymous_4)
FN:25,(anonymous_5)
FNF:6
FNH:4
FNDA:1,(anonymous_0)
FNDA:3,(anonymous_1)
FNDA:5,(anonymous_2)
FNDA:3,(anonymous_3)
FNDA:0,(anonymous_4)
FNDA:0,(anonymous_5)
DA:1,5
DA:6,5
DA:11,5
DA:16,5
DA:21,5
DA:25,5
LF:6
LH:6
BRF:0
BRH:0
end_of_record
TN:
SF:/Users/andreeahanson/Workspace/sophia/reducers/ListsReducer.js
FN:1,(anonymous_0)
FNF:1
FNH:1
FNDA:2,(anonymous_0)
DA:1,1
DA:2,2
DA:4,1
DA:6,0
DA:8,1
LF:5
LH:4
BRDA:1,0,0,2
BRDA:2,1,0,1
BRDA:2,1,1,0
BRDA:2,1,2,1
BRF:4
BRH:3
end_of_record
TN:
SF:/Users/andreeahanson/Workspace/sophia/reducers/ProfileReducer.js
FN:1,(anonymous_0)
FNF:1
FNH:1
FNDA:2,(anonymous_0)
DA:1,1
DA:2,2
DA:4,1
DA:6,1
LF:4
LH:4
BRDA:1,0,0,2
BRDA:2,1,0,1
BRDA:2,1,1,1
BRF:3
BRH:3
end_of_record
TN:
SF:/Users/andreeahanson/Workspace/sophia/reducers/TaskReducer.js
FN:1,(anonymous_0)
FNF:1
FNH:1
FNDA:2,(anonymous_0)
DA:1,1
DA:2,2
DA:4,1
DA:6,0
DA:8,0
DA:10,1
LF:6
LH:4
BRDA:1,0,0,2
BRDA:2,1,0,1
BRDA:2,1,1,0
BRDA:2,1,2,0
BRDA:2,1,3,1
BRF:5
BRH:3
end_of_record
TN:
SF:/Users/andreeahanson/Workspace/sophia/reducers/UserAccountReducer.js
FN:1,(anonymous_0)
FNF:1
FNH:1
FNDA:2,(anonymous_0)
DA:1,1
DA:2,2
DA:4,1
DA:6,0
DA:8,1
LF:5
LH:4
BRDA:1,0,0,2
BRDA:2,1,0,1
BRDA:2,1,1,0
BRDA:2,1,2,1
BRF:4
BRH:3
end_of_record
